----------------------------------------
Timestamp: 9/9/2021 2:39:19 PM

Message: Scheduler: Task executed: 'Telerik.Sitefinity.Authentication.IdentityServer.Data.TransientDataCleanupTask'. Start time: 9/9/2021 2:39:18 PM. End time: 9/9/2021 2:39:19 PM. Task data: ''


----------------------------------------
----------------------------------------
Timestamp: 9/9/2021 2:39:19 PM

Message: Scheduler: Task executed: 'Telerik.Sitefinity.Versioning.Cleaner.VersioningCleanerTask'. Start time: 9/9/2021 2:39:18 PM. End time: 9/9/2021 2:39:19 PM. Task data: ''


----------------------------------------
----------------------------------------
Timestamp: 9/9/2021 6:22:06 PM

Message: Attempting application domain unload. Reason: 'Unable to reach database server on host ''.
Error Details:A network-related or instance-specific error occurred while establishing a connection to SQL Server. The server was not found or was not accessible. Verify that the instance name is correct and that SQL Server is configured to allow remote connections. (provider: TCP Provider, error: 0 - No such host is known.)
 ---> A network-related or instance-specific error occurred while establishing a connection to SQL Server. The server was not found or was not accessible. Verify that the instance name is correct and that SQL Server is configured to allow remote connections. (provider: TCP Provider, error: 0 - No such host is known.) ---> A network-related or instance-specific error occurred while establishing a connection to SQL Server. The server was not found or was not accessible. Verify that the instance name is correct and that SQL Server is configured to allow remote connections. (provider: TCP Provider, error: 0 - No such host is known.) ---> No such host is known'. StackTrace: '   at System.Environment.GetStackTrace(Exception e, Boolean needFileInfo)
   at System.Environment.get_StackTrace()
   at Telerik.Sitefinity.Services.SystemManager.TryRestartApplication(String restartReason)
   at Telerik.Sitefinity.Web.SitefinityHttpModule.HandleBootstrapException(Exception exception)
   at Telerik.Sitefinity.Web.SitefinityHttpModule.<>c.<BootstrapAsync>b__4_0(Object ctx)
   at System.Threading.Tasks.Task.InnerInvoke()
   at System.Threading.Tasks.Task.Execute()
   at System.Threading.Tasks.Task.ExecutionContextCallback(Object obj)
   at System.Threading.ExecutionContext.RunInternal(ExecutionContext executionContext, ContextCallback callback, Object state, Boolean preserveSyncCtx)
   at System.Threading.ExecutionContext.Run(ExecutionContext executionContext, ContextCallback callback, Object state, Boolean preserveSyncCtx)
   at System.Threading.Tasks.Task.ExecuteWithThreadLocal(Task& currentTaskSlot)
   at System.Threading.Tasks.Task.ExecuteEntry(Boolean bPreventDoubleExecution)
   at System.Threading.Tasks.Task.System.Threading.IThreadPoolWorkItem.ExecuteWorkItem()
   at System.Threading.ThreadPoolWorkQueue.Dispatch()
   at System.Threading._ThreadPoolWaitCallback.PerformWaitCallback()'


----------------------------------------
----------------------------------------
Timestamp: 9/9/2021 6:22:06 PM

Message: Application domain unload succeeded. StackTrace: '   at System.Environment.GetStackTrace(Exception e, Boolean needFileInfo)
   at System.Environment.get_StackTrace()
   at Telerik.Sitefinity.Services.SystemManager.TryRestartApplication(String restartReason)
   at Telerik.Sitefinity.Web.SitefinityHttpModule.HandleBootstrapException(Exception exception)
   at Telerik.Sitefinity.Web.SitefinityHttpModule.<>c.<BootstrapAsync>b__4_0(Object ctx)
   at System.Threading.Tasks.Task.InnerInvoke()
   at System.Threading.Tasks.Task.Execute()
   at System.Threading.Tasks.Task.ExecutionContextCallback(Object obj)
   at System.Threading.ExecutionContext.RunInternal(ExecutionContext executionContext, ContextCallback callback, Object state, Boolean preserveSyncCtx)
   at System.Threading.ExecutionContext.Run(ExecutionContext executionContext, ContextCallback callback, Object state, Boolean preserveSyncCtx)
   at System.Threading.Tasks.Task.ExecuteWithThreadLocal(Task& currentTaskSlot)
   at System.Threading.Tasks.Task.ExecuteEntry(Boolean bPreventDoubleExecution)
   at System.Threading.Tasks.Task.System.Threading.IThreadPoolWorkItem.ExecuteWorkItem()
   at System.Threading.ThreadPoolWorkQueue.Dispatch()
   at System.Threading._ThreadPoolWaitCallback.PerformWaitCallback()'


----------------------------------------
