----------------------------------------
ActivityId: 91498ee7-bf02-47cd-bb16-262e03ad1ddc

Timestamp: 9/8/2021 5:59:17 PM

Message: HandlingInstanceID: a9590e86-cf62-4a23-bb7e-297175bfd3d1
An exception of type 'System.Exception' occurred and was caught.
----------------------------------------------------------------
09/08/2021 13:59:17
Type : System.Exception, mscorlib, Version=4.0.0.0, Culture=neutral, PublicKeyToken=b77a5c561934e089
Message : The operation was canceled.
Source : 
Help link : 
Data : System.Collections.ListDictionaryInternal
TargetSite : 
HResult : -2146233088
Stack Trace : The stack trace is unavailable.
Additional Info:

MachineName : CGM-CIO
TimeStamp : 9/8/2021 5:59:17 PM
FullName : Telerik.Sitefinity.Utilities, Version=13.3.7629.0, Culture=neutral, PublicKeyToken=b28c218413bdf563
AppDomainName : /LM/W3SVC/2/ROOT-1-132755792250579141
ThreadIdentity : jrrobbins@chog.org
WindowsIdentity : CGM\jrrobbins
Requested URL : https://localhost:44387/sf/system/pages/Default.Hierarchy(parentId='f669d9a7-009d-4d83-ddaa-000000000002',expandedPages=@param)?@param=[]&$select=Id, Title, DisplayStatus, LockedStatus, HasChildren, Breadcrumb, IsHomePage, Renderer, Marketing, DateCreated, ViewUrl, PageType, AvailableLanguages, ParentId&$orderby=LastModified desc&$top=20&$count=true&sf_provider=OpenAccessDataProvider&sf_culture=en&sf_site=946e4aa8-4662-48c2-87a9-1b8733174744


Category: ErrorLog

Priority: 0

EventId: 90000

Severity: Error

Title:Enterprise Library Exception Handling

Machine: CGM-CIO

App Domain: /LM/W3SVC/2/ROOT-1-132755792250579141

ProcessId: 912

Process Name: C:\Program Files (x86)\IIS Express\iisexpress.exe

Thread Name: 

Win32 ThreadId:3212

Extended Properties: 
----------------------------------------
----------------------------------------
ActivityId: 08114d90-509c-4d6f-9912-6111e80e2bfc

Timestamp: 9/8/2021 5:59:17 PM

Message: HandlingInstanceID: 17780957-79cd-4543-90f0-4dcc81afd8e9
An exception of type 'System.Exception' occurred and was caught.
----------------------------------------------------------------
09/08/2021 13:59:17
Type : System.Exception, mscorlib, Version=4.0.0.0, Culture=neutral, PublicKeyToken=b77a5c561934e089
Message : The operation was canceled.
Source : 
Help link : 
Data : System.Collections.ListDictionaryInternal
TargetSite : 
HResult : -2146233088
Stack Trace : The stack trace is unavailable.
Additional Info:

MachineName : CGM-CIO
TimeStamp : 9/8/2021 5:59:17 PM
FullName : Telerik.Sitefinity.Utilities, Version=13.3.7629.0, Culture=neutral, PublicKeyToken=b28c218413bdf563
AppDomainName : /LM/W3SVC/2/ROOT-1-132755792250579141
ThreadIdentity : jrrobbins@chog.org
WindowsIdentity : CGM\jrrobbins
Requested URL : https://localhost:44387/sf/system/pages/operations?parentId=null&sf_provider=OpenAccessDataProvider&sf_culture=en&sf_site=946e4aa8-4662-48c2-87a9-1b8733174744


Category: ErrorLog

Priority: 0

EventId: 90000

Severity: Error

Title:Enterprise Library Exception Handling

Machine: CGM-CIO

App Domain: /LM/W3SVC/2/ROOT-1-132755792250579141

ProcessId: 912

Process Name: C:\Program Files (x86)\IIS Express\iisexpress.exe

Thread Name: 

Win32 ThreadId:4576

Extended Properties: 
----------------------------------------
