----------------------------------------
Timestamp: 9/7/2021 1:58:47 PM

Message: Enter upgrade mode


----------------------------------------
----------------------------------------
Timestamp: 9/7/2021 1:58:53 PM

Message: Exit upgrade mode


----------------------------------------
----------------------------------------
Timestamp: 9/7/2021 1:59:39 PM

Message: Scheduler: Task executed: 'pavliks.PortalConnector.ScheduledTasks.LicenseCheckScheduledTask'. Start time: 9/7/2021 1:59:39 PM. End time: 9/7/2021 1:59:39 PM. Task data: ''


----------------------------------------
----------------------------------------
Timestamp: 9/7/2021 2:05:56 PM

Message: Enter upgrade mode


----------------------------------------
----------------------------------------
Timestamp: 9/7/2021 2:06:01 PM

Message: Exit upgrade mode


----------------------------------------
----------------------------------------
Timestamp: 9/7/2021 2:06:24 PM

Message: Scheduler: Task executed: 'pavliks.PortalConnector.ScheduledTasks.LicenseCheckScheduledTask'. Start time: 9/7/2021 2:06:24 PM. End time: 9/7/2021 2:06:24 PM. Task data: ''


----------------------------------------
----------------------------------------
Timestamp: 9/7/2021 2:06:50 PM

Message: Enter upgrade mode


----------------------------------------
----------------------------------------
Timestamp: 9/7/2021 2:06:56 PM

Message: Exit upgrade mode


----------------------------------------
----------------------------------------
Timestamp: 9/7/2021 2:07:31 PM

Message: Scheduler: Task executed: 'pavliks.PortalConnector.ScheduledTasks.LicenseCheckScheduledTask'. Start time: 9/7/2021 2:07:30 PM. End time: 9/7/2021 2:07:31 PM. Task data: ''


----------------------------------------
----------------------------------------
Timestamp: 9/7/2021 2:07:39 PM

Message: Enter upgrade mode


----------------------------------------
----------------------------------------
Timestamp: 9/7/2021 2:07:46 PM

Message: Exit upgrade mode


----------------------------------------
----------------------------------------
Timestamp: 9/7/2021 2:08:35 PM

Message: Scheduler: Task executed: 'pavliks.PortalConnector.ScheduledTasks.LicenseCheckScheduledTask'. Start time: 9/7/2021 2:08:35 PM. End time: 9/7/2021 2:08:35 PM. Task data: ''


----------------------------------------
